<?xml version="1.0" encoding="UTF-8"?>
<!-- Generated by org.testng.reporters.JUnitXMLReporter -->
<testsuite hostname="Salim" ignored="0" name="Default test" tests="8" failures="0" timestamp="2020-09-23T12:32:28 CDT" time="261.25" errors="0">
  <testcase name="test7HoverTwice" time="34.026" classname="scripts.TestScripts"/>
  <testcase name="test8CompareDresses" time="28.172" classname="scripts.TestScripts"/>
  <testcase name="testChiffonDressSize" time="23.262" classname="scripts.TestScripts"/>
  <testcase name="testEveningDressesPurchase" time="21.439" classname="scripts.TestScripts"/>
  <testcase name="testMouseHover" time="22.964" classname="scripts.TestScripts"/>
  <testcase name="testTShirtsPurchase" time="17.299" classname="scripts.TestScripts"/>
  <testcase name="testWomenBlouse" time="21.941" classname="scripts.TestScripts"/>
  <testcase name="testWomenSummerDress" time="19.982" classname="scripts.TestScripts"/>
</testsuite> <!-- Default test -->
