<?xml version="1.0" encoding="UTF-8"?>
<!-- Generated by org.testng.reporters.JUnitXMLReporter -->
<testsuite hostname="Salim" ignored="0" name="Test" tests="8" failures="0" timestamp="2020-09-27T11:16:20 CDT" time="258.617" errors="0">
  <testcase name="test7HoverTwice" time="33.51" classname="scripts.TestScripts"/>
  <testcase name="test8CompareDresses" time="27.278" classname="scripts.TestScripts"/>
  <testcase name="testChiffonDressSize" time="20.553" classname="scripts.TestScripts"/>
  <testcase name="testEveningDressesPurchase" time="18.672" classname="scripts.TestScripts"/>
  <testcase name="testMouseHover" time="20.783" classname="scripts.TestScripts"/>
  <testcase name="testTShirtsPurchase" time="15.371" classname="scripts.TestScripts"/>
  <testcase name="testWomenBlouse" time="22.001" classname="scripts.TestScripts"/>
  <testcase name="testWomenSummerDress" time="23.339" classname="scripts.TestScripts"/>
</testsuite> <!-- Test -->
