<?xml version="1.0" encoding="UTF-8"?>
<!-- Generated by org.testng.reporters.JUnitXMLReporter -->
<testsuite hostname="Salim" ignored="0" name="Test" tests="8" failures="0" timestamp="2020-09-23T13:02:04 CDT" time="272.858" errors="0">
  <testcase name="test7HoverTwice" time="34.323" classname="scripts.TestScripts"/>
  <testcase name="test8CompareDresses" time="29.0" classname="scripts.TestScripts"/>
  <testcase name="testChiffonDressSize" time="23.616" classname="scripts.TestScripts"/>
  <testcase name="testEveningDressesPurchase" time="23.304" classname="scripts.TestScripts"/>
  <testcase name="testMouseHover" time="28.228" classname="scripts.TestScripts"/>
  <testcase name="testTShirtsPurchase" time="20.843" classname="scripts.TestScripts"/>
  <testcase name="testWomenBlouse" time="25.153" classname="scripts.TestScripts"/>
  <testcase name="testWomenSummerDress" time="21.35" classname="scripts.TestScripts"/>
</testsuite> <!-- Test -->
